[2023-03-20 01:11:02,543] root - INFO - Training Pipeline Config: TrainingPipelineConfig(artifact_dir='D:\\Users\\Pixel\\Downloads\\Rental_bike\\Trai_2\\rental_bike_demand\\artifact')
[2023-03-20 01:11:02,543] root - INFO - 
******************** Initiating the Training Pipeline ********************


[2023-03-20 01:11:02,543] root - INFO - Data Ingestion Config : DataIngestionConfig(dataset_download_url='https://github.com/Shivan118/Main-Branching/blob/main/Rental%20bike%20demand%20data.zip?raw=true', tgz_download_dir='D:\\Users\\Pixel\\Downloads\\Rental_bike\\Trai_2\\rental_bike_demand\\artifact\\data_ingestion\\2023-03-20-01-11-02\\tgz_data', raw_data_dir='D:\\Users\\Pixel\\Downloads\\Rental_bike\\Trai_2\\rental_bike_demand\\artifact\\data_ingestion\\2023-03-20-01-11-02\\raw_data', ingested_train_dir='D:\\Users\\Pixel\\Downloads\\Rental_bike\\Trai_2\\rental_bike_demand\\artifact\\data_ingestion\\2023-03-20-01-11-02\\ingested_data\\train', ingested_test_dir='D:\\Users\\Pixel\\Downloads\\Rental_bike\\Trai_2\\rental_bike_demand\\artifact\\data_ingestion\\2023-03-20-01-11-02\\ingested_data\\test')
[2023-03-20 01:11:02,552] root - INFO - 
******************** Data Ingestion log started ********************

[2023-03-20 01:11:03,058] root - INFO - Connection with DB created successfully!!!
[2023-03-20 01:11:03,058] root - INFO - Downloading file from: [https://github.com/Shivan118/Main-Branching/blob/main/Rental%20bike%20demand%20data.zip?raw=true] into : [D:\Users\Pixel\Downloads\Rental_bike\Trai_2\rental_bike_demand\artifact\data_ingestion\2023-03-20-01-11-02\tgz_data\rental_bike_data.zip]
[2023-03-20 01:11:04,209] root - INFO - File: [D:\Users\Pixel\Downloads\Rental_bike\Trai_2\rental_bike_demand\artifact\data_ingestion\2023-03-20-01-11-02\tgz_data\rental_bike_data.zip] has been downloaded successfully
[2023-03-20 01:11:04,209] root - INFO - Extracting zipped file : [D:\Users\Pixel\Downloads\Rental_bike\Trai_2\rental_bike_demand\artifact\data_ingestion\2023-03-20-01-11-02\tgz_data\rental_bike_data.zip] into dir: [D:\Users\Pixel\Downloads\Rental_bike\Trai_2\rental_bike_demand\artifact\data_ingestion\2023-03-20-01-11-02\raw_data]
[2023-03-20 01:11:04,236] root - INFO - Extraction completed successfully
[2023-03-20 01:11:05,857] root - INFO - Inserting file: [Rental_Bike_Share_Data_20181231_231206.csv] into DB
[2023-03-20 01:11:05,858] root - INFO - Inserting data into database:[Rental_Bike_Share_DB] in collection: [RentalBike]
[2023-03-20 01:11:14,841] root - INFO - Insertion into DB is successful!!! 
[2023-03-20 01:11:14,900] root - INFO - Inserting file: [Rental_Bike_Share_Data_20191231_233050.csv] into DB
[2023-03-20 01:11:14,900] root - INFO - Inserting data into database:[Rental_Bike_Share_DB] in collection: [RentalBike]
[2023-03-20 01:11:22,494] root - INFO - Insertion into DB is successful!!! 
[2023-03-20 01:11:22,581] root - INFO - Inserting file: [Rental_Bike_Share_Data_20201231_235040.csv] into DB
[2023-03-20 01:11:22,581] root - INFO - Inserting data into database:[Rental_Bike_Share_DB] in collection: [RentalBike]
[2023-03-20 01:11:25,705] root - INFO - Insertion into DB is successful!!! 
[2023-03-20 01:11:25,796] root - INFO - Inserting file: [Rental_Bike_Share_Data_20211231_235540.csv] into DB
[2023-03-20 01:11:25,796] root - INFO - Inserting data into database:[Rental_Bike_Share_DB] in collection: [RentalBike]
[2023-03-20 01:11:33,830] root - INFO - Insertion into DB is successful!!! 
[2023-03-20 01:11:33,867] root - INFO - Inserting file: [Rental_Bike_Share_Data_20221231_235915.csv] into DB
[2023-03-20 01:11:33,868] root - INFO - Inserting data into database:[Rental_Bike_Share_DB] in collection: [RentalBike]
[2023-03-20 01:11:39,974] root - INFO - Insertion into DB is successful!!! 
[2023-03-20 01:11:39,974] root - INFO - Fetching entire data from DB
[2023-03-20 01:11:51,236] root - INFO - Data Fetched from collection: [None] successfully!!!
[2023-03-20 01:11:51,246] root - INFO - Entire data fetched successfully from DB!!!
[2023-03-20 01:11:51,246] root - INFO - Splitting Dataset into train and test
[2023-03-20 01:11:51,263] root - INFO - Inserting new Training Data into DB
[2023-03-20 01:11:51,914] root - INFO - Inserting data into database:[Rental_Bike_Share_DB] in collection: [RentalBike]
[2023-03-20 01:12:12,760] root - INFO - Insertion into DB is successful!!! 
[2023-03-20 01:12:12,771] root - INFO - Inserting new Test Data into DB
[2023-03-20 01:12:16,403] root - INFO - Inserting data into database:[Rental_Bike_Share_DB] in collection: [RentalBike]
[2023-03-20 01:12:20,284] root - INFO - Insertion into DB is successful!!! 
[2023-03-20 01:12:20,294] root - INFO - Exporting training dataset to file: [D:\Users\Pixel\Downloads\Rental_bike\Trai_2\rental_bike_demand\artifact\data_ingestion\2023-03-20-01-11-02\ingested_data\train\train.csv]
[2023-03-20 01:12:20,477] root - INFO - Exporting test dataset to file: [D:\Users\Pixel\Downloads\Rental_bike\Trai_2\rental_bike_demand\artifact\data_ingestion\2023-03-20-01-11-02\ingested_data\test\test.csv]
[2023-03-20 01:12:20,486] root - INFO - Data Ingestion Artifact: [DataIngestionArtifact(train_file_path='D:\\Users\\Pixel\\Downloads\\Rental_bike\\Trai_2\\rental_bike_demand\\artifact\\data_ingestion\\2023-03-20-01-11-02\\ingested_data\\train\\train.csv', test_file_path='D:\\Users\\Pixel\\Downloads\\Rental_bike\\Trai_2\\rental_bike_demand\\artifact\\data_ingestion\\2023-03-20-01-11-02\\ingested_data\\test\\test.csv', is_ingested=True, message='Data ingestion completed successfully')]
[2023-03-20 01:12:20,502] root - INFO - 
******************** Data Ingestion log completed ********************

